Using pre-set license
Built from '2020.3/staging' branch; Version is '2020.3.4f1 (0abb6314276a) revision 703331'; Using compiler version '192528614'; Build Type 'Release'
OS: 'Windows 10 Enterprise; OS build 19042.2130; Version 2009; 64bit' Language: 'en' Physical Memory: 24359 MB
BatchMode: 1, IsHumanControllingUs: 0, StartBugReporterOnCrash: 0, Is64bit: 1, IsPro: 0

 COMMAND LINE ARGUMENTS:
C:\Program Files\Unity\Hub\Editor\2020.3.4f1\Editor\Unity.exe
-adb2
-batchMode
-noUpm
-name
AssetImportWorker0
-projectPath
E:/work/GameDev/Projects/Personal/BrightFish/Workflow/Project/BrightFish
-logFile
Logs/AssetImportWorker0.log
-srvPort
54424
Successfully changed project path to: E:/work/GameDev/Projects/Personal/BrightFish/Workflow/Project/BrightFish
E:/work/GameDev/Projects/Personal/BrightFish/Workflow/Project/BrightFish
Using Asset Import Pipeline V2.
Refreshing native plugins compatible for Editor in 75.20 ms, found 0 plugins.
Preloading 0 native plugins for Editor in 0.00 ms.
Initialize engine version: 2020.3.4f1 (0abb6314276a)
[Subsystems] Discovering subsystems at path C:/Program Files/Unity/Hub/Editor/2020.3.4f1/Editor/Data/Resources/UnitySubsystems
[Subsystems] Discovering subsystems at path E:/work/GameDev/Projects/Personal/BrightFish/Workflow/Project/BrightFish/Assets
GfxDevice: creating device client; threaded=0
Direct3D:
    Version:  Direct3D 11.0 [level 11.1]
    Renderer: NVIDIA GeForce GTX 1650 (ID=0x1f99)
    Vendor:   
    VRAM:     3962 MB
    Driver:   30.0.15.1278
Shader 'Sprites/GrayScale': fallback shader 'Sprite/Diffuse' not found
Initialize mono
Mono path[0] = 'C:/Program Files/Unity/Hub/Editor/2020.3.4f1/Editor/Data/Managed'
Mono path[1] = 'C:/Program Files/Unity/Hub/Editor/2020.3.4f1/Editor/Data/MonoBleedingEdge/lib/mono/unityjit'
Mono config path = 'C:/Program Files/Unity/Hub/Editor/2020.3.4f1/Editor/Data/MonoBleedingEdge/etc'
Using monoOptions --debugger-agent=transport=dt_socket,embedding=1,server=y,suspend=n,address=127.0.0.1:56668
Begin MonoManager ReloadAssembly
Registering precompiled unity dll's ...
Register platform support module: C:/Program Files/Unity/Hub/Editor/2020.3.4f1/Editor/Data/PlaybackEngines/WindowsStandaloneSupport/UnityEditor.WindowsStandalone.Extensions.dll
Registered in 0.001525 seconds.
Native extension for WindowsStandalone target not found
Refreshing native plugins compatible for Editor in 77.27 ms, found 0 plugins.
Preloading 0 native plugins for Editor in 0.00 ms.
Mono: successfully reloaded assembly
- Completed reload, in  1.957 seconds
Platform modules already initialized, skipping
Registering precompiled user dll's ...
Registered in 0.003287 seconds.
Begin MonoManager ReloadAssembly
Native extension for WindowsStandalone target not found
Refreshing native plugins compatible for Editor in 81.08 ms, found 0 plugins.
Preloading 0 native plugins for Editor in 0.00 ms.
Mono: successfully reloaded assembly
- Completed reload, in  1.043 seconds
Platform modules already initialized, skipping
========================================================================
Worker process is ready to serve import requests
Shader 'Sprites/GrayScale': fallback shader 'Sprite/Diffuse' not found
Launched and connected shader compiler UnityShaderCompiler.exe after 0.04 seconds
Refreshing native plugins compatible for Editor in 1.69 ms, found 0 plugins.
Preloading 0 native plugins for Editor in 0.00 ms.
Unloading 3210 Unused Serialized files (Serialized files now loaded: 0)
System memory in use before: 142.1 MB.
System memory in use after: 142.0 MB.

Unloading 47 unused Assets to reduce memory usage. Loaded Objects now: 3657.
Total: 5.492100 ms (FindLiveObjects: 0.680500 ms CreateObjectMapping: 0.315100 ms MarkObjects: 3.683400 ms  DeleteObjects: 0.811000 ms)

========================================================================
Received Prepare
Registering precompiled user dll's ...
Registered in 0.003240 seconds.
Begin MonoManager ReloadAssembly
Native extension for WindowsStandalone target not found
Refreshing native plugins compatible for Editor in 0.77 ms, found 0 plugins.
Preloading 0 native plugins for Editor in 0.00 ms.
Mono: successfully reloaded assembly
- Completed reload, in  0.893 seconds
Platform modules already initialized, skipping
Switching build target platform(5) subTarget(0) extendedPlatform(0) -> platform(13) subTarget(589824) extendedPlatform(0)
Shader 'Sprites/GrayScale': fallback shader 'Sprite/Diffuse' not found
Refreshing native plugins compatible for Editor in 0.75 ms, found 0 plugins.
Preloading 0 native plugins for Editor in 0.00 ms.
Unloading 3109 Unused Serialized files (Serialized files now loaded: 0)
System memory in use before: 131.9 MB.
System memory in use after: 131.8 MB.

Unloading 35 unused Assets to reduce memory usage. Loaded Objects now: 3660.
Total: 2.418600 ms (FindLiveObjects: 0.347800 ms CreateObjectMapping: 0.155100 ms MarkObjects: 1.660100 ms  DeleteObjects: 0.254800 ms)

AssetImportParameters requested are different than current active one (requested -> active):
  custom:graphics/normal-map-encoding: 01000000000000000000000000000000 -> 02000000000000000000000000000000
========================================================================
Received Import Request.
  path: Assets/_Project/_Scenes/MainScene.unity
  artifactKey: Guid(1d7b85a810c476348bcb8183e1a7b60e) Importer(815301076,1909f56bfc062723c751e8b465ee728b)
Start importing Assets/_Project/_Scenes/MainScene.unity using Guid(1d7b85a810c476348bcb8183e1a7b60e) Importer(815301076,1909f56bfc062723c751e8b465ee728b)  -> (artifact id: '088b0d5ed1710e0c771e5bed975acef5') in 0.015351 seconds
  Import took 0.042872 seconds .

========================================================================
Received Import Request.
  Time since last request: 3.938619 seconds.
  path: Assets/_Project/_Scenes/MobileTouchScene.unity
  artifactKey: Guid(3ba0328931cb52b43845eb5b19cd64b1) Importer(815301076,1909f56bfc062723c751e8b465ee728b)
Start importing Assets/_Project/_Scenes/MobileTouchScene.unity using Guid(3ba0328931cb52b43845eb5b19cd64b1) Importer(815301076,1909f56bfc062723c751e8b465ee728b)  -> (artifact id: '7ba3cf78cc0d7818b2748010223dcb08') in 0.003198 seconds
  Import took 0.012307 seconds .

